<?xml version="1.0" encoding="UTF-8"?>
<!-- Generated by org.testng.reporters.JUnitXMLReporter -->
<testsuite hostname="SGEORGE-D" name="Default test" tests="8" failures="0" timestamp="20 Aug 2018 00:27:44 GMT" time="69.733" errors="0">
  <testcase name="testSearchResultsAreDisplayed" time="2.707" classname="demo.appDirect.TestHome"/>
  <testcase name="testSearchResultsAreDisplayed" time="2.341" classname="demo.appDirect.TestHome"/>
  <testcase name="testSearchResultsAreDisplayed" time="1.984" classname="demo.appDirect.TestHome"/>
  <testcase name="testSearchResultsAreDisplayed" time="2.932" classname="demo.appDirect.TestHome"/>
  <testcase name="testSearchResultsAreDisplayed" time="2.768" classname="demo.appDirect.TestHome"/>
  <testcase name="testSearchResultsNotDisplayed" time="2.474" classname="demo.appDirect.TestHome"/>
  <testcase name="testSearchResultsNotDisplayed" time="3.289" classname="demo.appDirect.TestHome"/>
  <testcase name="testSearchResultsNotDisplayed" time="2.695" classname="demo.appDirect.TestHome"/>
</testsuite> <!-- Default test -->
