<?xml version="1.0" encoding="UTF-8"?>
<!-- Generated by org.testng.reporters.JUnitXMLReporter -->
<testsuite hostname="SGEORGE-D" name="Default test" tests="8" failures="0" timestamp="20 Aug 2018 00:22:12 GMT" time="70.334" errors="0">
  <testcase name="testSearchResultsAreDisplayed" time="2.107" classname="demo.appDirect.TestHome"/>
  <testcase name="testSearchResultsAreDisplayed" time="3.07" classname="demo.appDirect.TestHome"/>
  <testcase name="testSearchResultsAreDisplayed" time="2.872" classname="demo.appDirect.TestHome"/>
  <testcase name="testSearchResultsAreDisplayed" time="2.741" classname="demo.appDirect.TestHome"/>
  <testcase name="testSearchResultsAreDisplayed" time="3.002" classname="demo.appDirect.TestHome"/>
  <testcase name="testSearchResultsNotDisplayed" time="2.928" classname="demo.appDirect.TestHome"/>
  <testcase name="testSearchResultsNotDisplayed" time="2.566" classname="demo.appDirect.TestHome"/>
  <testcase name="testSearchResultsNotDisplayed" time="2.51" classname="demo.appDirect.TestHome"/>
</testsuite> <!-- Default test -->
