<?xml version="1.0" encoding="UTF-8"?>
<testng-results skipped="0" failed="0" total="2" passed="2">
  <reporter-output>
  </reporter-output>
  <suite name="Default suite" duration-ms="24" started-at="2018-08-18T05:11:41Z" finished-at="2018-08-18T05:11:41Z">
    <groups>
    </groups>
    <test name="Default test" duration-ms="24" started-at="2018-08-18T05:11:41Z" finished-at="2018-08-18T05:11:41Z">
      <class name="demo.appDirect.testHome">
        <test-method status="PASS" signature="testSearch()[pri:0, instance:demo.appDirect.testHome@2a5ca609]" name="testSearch" duration-ms="9" started-at="2018-08-18T01:11:41Z" finished-at="2018-08-18T01:11:41Z">
          <reporter-output>
          </reporter-output>
        </test-method> <!-- testSearch -->
        <test-method status="PASS" signature="testSearch2()[pri:0, instance:demo.appDirect.testHome@2a5ca609]" name="testSearch2" duration-ms="0" started-at="2018-08-18T01:11:41Z" finished-at="2018-08-18T01:11:41Z">
          <reporter-output>
          </reporter-output>
        </test-method> <!-- testSearch2 -->
      </class> <!-- demo.appDirect.testHome -->
    </test> <!-- Default test -->
  </suite> <!-- Default suite -->
</testng-results>
